[2026-06-03 12:09:50] Password reset email failed
[2] SMTP Error: Could not authenticate. | [2] SMTP Error: Could not authenticate.
[2] SERVER -> CLIENT: 220 smtp.gmail.com ESMTP ffacd0b85a97d-4601f351d69sm9562056f8f.29 - gsmtp

[1] CLIENT -> SERVER: EHLO localhost

[2] SERVER -> CLIENT: 250-smtp.gmail.com at your service, [82.212.109.209]
250-SIZE 35882577
250-8BITMIME
250-STARTTLS
250-ENHANCEDSTATUSCODES
250-PIPELINING
250-CHUNKING
250 SMTPUTF8

[1] CLIENT -> SERVER: STARTTLS

[2] SERVER -> CLIENT: 220 2.0.0 Ready to start TLS

[1] CLIENT -> SERVER: EHLO localhost

[2] SERVER -> CLIENT: 250-smtp.gmail.com at your service, [82.212.109.209]
250-SIZE 35882577
250-8BITMIME
250-AUTH LOGIN [REDACTED] XOAUTH2 PLAIN-CLIENTTOKEN OAUTHBEARER XOAUTH
250-ENHANCEDSTATUSCODES
250-PIPELINING
250-CHUNKING
250 SMTPUTF8

[1] CLIENT -> SERVER: AUTH LOGIN

[2] SERVER -> CLIENT: 334 [REDACTED-CHALLENGE]

[1] CLIENT -> SERVER: [credentials hidden]
[2] SERVER -> CLIENT: 334 [REDACTED-CHALLENGE]

[1] CLIENT -> SERVER: [credentials hidden]
[2] SERVER -> CLIENT: 535-5.7.8 Username and Password not accepted. For more information, go to
535 5.7.8  https://support.google.com/mail/?p=BadCredentials ffacd0b85a97d-4601f351d69sm9562056f8f.29 - gsmtp

[1] SMTP ERROR: Password command failed: 535-5.7.8 Username and Password not accepted. For more information, go to
535 5.7.8  https://support.google.com/mail/?p=BadCredentials ffacd0b85a97d-4601f351d69sm9562056f8f.29 - gsmtp

[2] SMTP Error: Could not authenticate.
[1] CLIENT -> SERVER: QUIT

[2] SERVER -> CLIENT: 221 2.0.0 closing connection ffacd0b85a97d-4601f351d69sm9562056f8f.29 - gsmtp

[2] SMTP Error: Could not authenticate.
--------------------------------------------------------------------------------
[2026-06-03 12:09:57] Password reset email failed
[2] SMTP Error: Could not authenticate. | [2] SMTP Error: Could not authenticate.
[2] SERVER -> CLIENT: 220 smtp.gmail.com ESMTP 5b1f17b1804b1-490b6d16f0csm42903225e9.15 - gsmtp

[1] CLIENT -> SERVER: EHLO localhost

[2] SERVER -> CLIENT: 250-smtp.gmail.com at your service, [82.212.109.209]
250-SIZE 35882577
250-8BITMIME
250-STARTTLS
250-ENHANCEDSTATUSCODES
250-PIPELINING
250-CHUNKING
250 SMTPUTF8

[1] CLIENT -> SERVER: STARTTLS

[2] SERVER -> CLIENT: 220 2.0.0 Ready to start TLS

[1] CLIENT -> SERVER: EHLO localhost

[2] SERVER -> CLIENT: 250-smtp.gmail.com at your service, [82.212.109.209]
250-SIZE 35882577
250-8BITMIME
250-AUTH LOGIN [REDACTED] XOAUTH2 PLAIN-CLIENTTOKEN OAUTHBEARER XOAUTH
250-ENHANCEDSTATUSCODES
250-PIPELINING
250-CHUNKING
250 SMTPUTF8

[1] CLIENT -> SERVER: AUTH LOGIN

[2] SERVER -> CLIENT: 334 [REDACTED-CHALLENGE]

[1] CLIENT -> SERVER: [credentials hidden]
[2] SERVER -> CLIENT: 334 [REDACTED-CHALLENGE]

[1] CLIENT -> SERVER: [credentials hidden]
[2] SERVER -> CLIENT: 535-5.7.8 Username and Password not accepted. For more information, go to
535 5.7.8  https://support.google.com/mail/?p=BadCredentials 5b1f17b1804b1-490b6d16f0csm42903225e9.15 - gsmtp

[1] SMTP ERROR: Password command failed: 535-5.7.8 Username and Password not accepted. For more information, go to
535 5.7.8  https://support.google.com/mail/?p=BadCredentials 5b1f17b1804b1-490b6d16f0csm42903225e9.15 - gsmtp

[2] SMTP Error: Could not authenticate.
[1] CLIENT -> SERVER: QUIT

[2] SERVER -> CLIENT: 221 2.0.0 closing connection 5b1f17b1804b1-490b6d16f0csm42903225e9.15 - gsmtp

[2] SMTP Error: Could not authenticate.
--------------------------------------------------------------------------------
[2026-06-03 12:10:07] Password reset email failed
[2] SMTP Error: Could not authenticate. | [2] SMTP Error: Could not authenticate.
[2] SERVER -> CLIENT: 220 smtp.gmail.com ESMTP ffacd0b85a97d-4601f351d40sm5957199f8f.26 - gsmtp

[1] CLIENT -> SERVER: EHLO localhost

[2] SERVER -> CLIENT: 250-smtp.gmail.com at your service, [82.212.109.209]
250-SIZE 35882577
250-8BITMIME
250-STARTTLS
250-ENHANCEDSTATUSCODES
250-PIPELINING
250-CHUNKING
250 SMTPUTF8

[1] CLIENT -> SERVER: STARTTLS

[2] SERVER -> CLIENT: 220 2.0.0 Ready to start TLS

[1] CLIENT -> SERVER: EHLO localhost

[2] SERVER -> CLIENT: 250-smtp.gmail.com at your service, [82.212.109.209]
250-SIZE 35882577
250-8BITMIME
250-AUTH LOGIN [REDACTED] XOAUTH2 PLAIN-CLIENTTOKEN OAUTHBEARER XOAUTH
250-ENHANCEDSTATUSCODES
250-PIPELINING
250-CHUNKING
250 SMTPUTF8

[1] CLIENT -> SERVER: AUTH LOGIN

[2] SERVER -> CLIENT: 334 [REDACTED-CHALLENGE]

[1] CLIENT -> SERVER: [credentials hidden]
[2] SERVER -> CLIENT: 334 [REDACTED-CHALLENGE]

[1] CLIENT -> SERVER: [credentials hidden]
[2] SERVER -> CLIENT: 535-5.7.8 Username and Password not accepted. For more information, go to
535 5.7.8  https://support.google.com/mail/?p=BadCredentials ffacd0b85a97d-4601f351d40sm5957199f8f.26 - gsmtp

[1] SMTP ERROR: Password command failed: 535-5.7.8 Username and Password not accepted. For more information, go to
535 5.7.8  https://support.google.com/mail/?p=BadCredentials ffacd0b85a97d-4601f351d40sm5957199f8f.26 - gsmtp

[2] SMTP Error: Could not authenticate.
[1] CLIENT -> SERVER: QUIT

[2] SERVER -> CLIENT: 221 2.0.0 closing connection ffacd0b85a97d-4601f351d40sm5957199f8f.26 - gsmtp

[2] SMTP Error: Could not authenticate.
--------------------------------------------------------------------------------
[2026-06-03 12:28:19] Password reset email failed
[2] SMTP Error: Could not authenticate. | [2] SMTP Error: Could not authenticate.
[2] SERVER -> CLIENT: 220 smtp.gmail.com ESMTP 5b1f17b1804b1-490b6d16f0csm44140485e9.15 - gsmtp

[1] CLIENT -> SERVER: EHLO localhost

[2] SERVER -> CLIENT: 250-smtp.gmail.com at your service, [82.212.109.209]
250-SIZE 35882577
250-8BITMIME
250-STARTTLS
250-ENHANCEDSTATUSCODES
250-PIPELINING
250-CHUNKING
250 SMTPUTF8

[1] CLIENT -> SERVER: STARTTLS

[2] SERVER -> CLIENT: 220 2.0.0 Ready to start TLS

[1] CLIENT -> SERVER: EHLO localhost

[2] SERVER -> CLIENT: 250-smtp.gmail.com at your service, [82.212.109.209]
250-SIZE 35882577
250-8BITMIME
250-AUTH LOGIN [REDACTED] XOAUTH2 PLAIN-CLIENTTOKEN OAUTHBEARER XOAUTH
250-ENHANCEDSTATUSCODES
250-PIPELINING
250-CHUNKING
250 SMTPUTF8

[1] CLIENT -> SERVER: AUTH LOGIN

[2] SERVER -> CLIENT: 334 [REDACTED-CHALLENGE]

[1] CLIENT -> SERVER: [credentials hidden]
[2] SERVER -> CLIENT: 334 [REDACTED-CHALLENGE]

[1] CLIENT -> SERVER: [credentials hidden]
[2] SERVER -> CLIENT: 535-5.7.8 Username and Password not accepted. For more information, go to
535 5.7.8  https://support.google.com/mail/?p=BadCredentials 5b1f17b1804b1-490b6d16f0csm44140485e9.15 - gsmtp

[1] SMTP ERROR: Password command failed: 535-5.7.8 Username and Password not accepted. For more information, go to
535 5.7.8  https://support.google.com/mail/?p=BadCredentials 5b1f17b1804b1-490b6d16f0csm44140485e9.15 - gsmtp

[2] SMTP Error: Could not authenticate.
[1] CLIENT -> SERVER: QUIT

[2] SERVER -> CLIENT: 221 2.0.0 closing connection 5b1f17b1804b1-490b6d16f0csm44140485e9.15 - gsmtp

[2] SMTP Error: Could not authenticate.
--------------------------------------------------------------------------------
[2026-06-03 12:28:55] Password reset email failed
[2] SMTP Error: Could not authenticate. | [2] SMTP Error: Could not authenticate.
[2] SERVER -> CLIENT: 220 smtp.gmail.com ESMTP 5b1f17b1804b1-490b63d8102sm44594695e9.10 - gsmtp

[1] CLIENT -> SERVER: EHLO localhost

[2] SERVER -> CLIENT: 250-smtp.gmail.com at your service, [82.212.109.209]
250-SIZE 35882577
250-8BITMIME
250-STARTTLS
250-ENHANCEDSTATUSCODES
250-PIPELINING
250-CHUNKING
250 SMTPUTF8

[1] CLIENT -> SERVER: STARTTLS

[2] SERVER -> CLIENT: 220 2.0.0 Ready to start TLS

[1] CLIENT -> SERVER: EHLO localhost

[2] SERVER -> CLIENT: 250-smtp.gmail.com at your service, [82.212.109.209]
250-SIZE 35882577
250-8BITMIME
250-AUTH LOGIN [REDACTED] XOAUTH2 PLAIN-CLIENTTOKEN OAUTHBEARER XOAUTH
250-ENHANCEDSTATUSCODES
250-PIPELINING
250-CHUNKING
250 SMTPUTF8

[1] CLIENT -> SERVER: AUTH LOGIN

[2] SERVER -> CLIENT: 334 [REDACTED-CHALLENGE]

[1] CLIENT -> SERVER: [credentials hidden]
[2] SERVER -> CLIENT: 334 [REDACTED-CHALLENGE]

[1] CLIENT -> SERVER: [credentials hidden]
[2] SERVER -> CLIENT: 535-5.7.8 Username and Password not accepted. For more information, go to
535 5.7.8  https://support.google.com/mail/?p=BadCredentials 5b1f17b1804b1-490b63d8102sm44594695e9.10 - gsmtp

[1] SMTP ERROR: Password command failed: 535-5.7.8 Username and Password not accepted. For more information, go to
535 5.7.8  https://support.google.com/mail/?p=BadCredentials 5b1f17b1804b1-490b63d8102sm44594695e9.10 - gsmtp

[2] SMTP Error: Could not authenticate.
[1] CLIENT -> SERVER: QUIT

[2] SERVER -> CLIENT: 221 2.0.0 closing connection 5b1f17b1804b1-490b63d8102sm44594695e9.10 - gsmtp

[2] SMTP Error: Could not authenticate.
--------------------------------------------------------------------------------
[2026-06-03 12:31:30] Password reset email failed
SMTP ERROR: Password command failed: 535-5.7.8 Username and Password not accepted. For more information, go to
535 5.7.8  https://support.google.com/mail/?p=BadCredentials ffacd0b85a97d-4601f368e9fsm6132383f8f.37 - gsmtp Please verify the Gmail address and generate a fresh 16-character App Password.
[2] SERVER -> CLIENT: 220 smtp.gmail.com ESMTP ffacd0b85a97d-4601f368e9fsm6132383f8f.37 - gsmtp

[1] CLIENT -> SERVER: EHLO localhost

[2] SERVER -> CLIENT: 250-smtp.gmail.com at your service, [82.212.109.209]
250-SIZE 35882577
250-8BITMIME
250-STARTTLS
250-ENHANCEDSTATUSCODES
250-PIPELINING
250-CHUNKING
250 SMTPUTF8

[1] CLIENT -> SERVER: STARTTLS

[2] SERVER -> CLIENT: 220 2.0.0 Ready to start TLS

[1] CLIENT -> SERVER: EHLO localhost

[2] SERVER -> CLIENT: 250-smtp.gmail.com at your service, [82.212.109.209]
250-SIZE 35882577
250-8BITMIME
250-AUTH LOGIN [REDACTED] XOAUTH2 PLAIN-CLIENTTOKEN OAUTHBEARER XOAUTH
250-ENHANCEDSTATUSCODES
250-PIPELINING
250-CHUNKING
250 SMTPUTF8

[1] CLIENT -> SERVER: AUTH LOGIN

[2] SERVER -> CLIENT: 334 [REDACTED-CHALLENGE]

[1] CLIENT -> SERVER: [credentials hidden]
[2] SERVER -> CLIENT: 334 [REDACTED-CHALLENGE]

[1] CLIENT -> SERVER: [credentials hidden]
[2] SERVER -> CLIENT: 535-5.7.8 Username and Password not accepted. For more information, go to
535 5.7.8  https://support.google.com/mail/?p=BadCredentials ffacd0b85a97d-4601f368e9fsm6132383f8f.37 - gsmtp

[1] SMTP ERROR: Password command failed: 535-5.7.8 Username and Password not accepted. For more information, go to
535 5.7.8  https://support.google.com/mail/?p=BadCredentials ffacd0b85a97d-4601f368e9fsm6132383f8f.37 - gsmtp

[2] SMTP Error: Could not authenticate.
[1] CLIENT -> SERVER: QUIT

[2] SERVER -> CLIENT: 221 2.0.0 closing connection ffacd0b85a97d-4601f368e9fsm6132383f8f.37 - gsmtp

[2] SMTP Error: Could not authenticate.
--------------------------------------------------------------------------------
[2026-06-03 12:31:39] Password reset email failed
SMTP ERROR: Password command failed: 535-5.7.8 Username and Password not accepted. For more information, go to
535 5.7.8  https://support.google.com/mail/?p=BadCredentials 5b1f17b1804b1-490b63d8102sm44749325e9.10 - gsmtp Please verify the Gmail address and generate a fresh 16-character App Password.
[2] SERVER -> CLIENT: 220 smtp.gmail.com ESMTP 5b1f17b1804b1-490b63d8102sm44749325e9.10 - gsmtp

[1] CLIENT -> SERVER: EHLO localhost

[2] SERVER -> CLIENT: 250-smtp.gmail.com at your service, [82.212.109.209]
250-SIZE 35882577
250-8BITMIME
250-STARTTLS
250-ENHANCEDSTATUSCODES
250-PIPELINING
250-CHUNKING
250 SMTPUTF8

[1] CLIENT -> SERVER: STARTTLS

[2] SERVER -> CLIENT: 220 2.0.0 Ready to start TLS

[1] CLIENT -> SERVER: EHLO localhost

[2] SERVER -> CLIENT: 250-smtp.gmail.com at your service, [82.212.109.209]
250-SIZE 35882577
250-8BITMIME
250-AUTH LOGIN [REDACTED] XOAUTH2 PLAIN-CLIENTTOKEN OAUTHBEARER XOAUTH
250-ENHANCEDSTATUSCODES
250-PIPELINING
250-CHUNKING
250 SMTPUTF8

[1] CLIENT -> SERVER: AUTH LOGIN

[2] SERVER -> CLIENT: 334 [REDACTED-CHALLENGE]

[1] CLIENT -> SERVER: [credentials hidden]
[2] SERVER -> CLIENT: 334 [REDACTED-CHALLENGE]

[1] CLIENT -> SERVER: [credentials hidden]
[2] SERVER -> CLIENT: 535-5.7.8 Username and Password not accepted. For more information, go to
535 5.7.8  https://support.google.com/mail/?p=BadCredentials 5b1f17b1804b1-490b63d8102sm44749325e9.10 - gsmtp

[1] SMTP ERROR: Password command failed: 535-5.7.8 Username and Password not accepted. For more information, go to
535 5.7.8  https://support.google.com/mail/?p=BadCredentials 5b1f17b1804b1-490b63d8102sm44749325e9.10 - gsmtp

[2] SMTP Error: Could not authenticate.
[1] CLIENT -> SERVER: QUIT

[2] SERVER -> CLIENT: 221 2.0.0 closing connection 5b1f17b1804b1-490b63d8102sm44749325e9.10 - gsmtp

[2] SMTP Error: Could not authenticate.
--------------------------------------------------------------------------------
[2026-06-03 12:38:41] Password reset email failed
[2] SMTP Error: Could not authenticate. | [2] SMTP Error: Could not authenticate.
[2] SERVER -> CLIENT: 220 smtp.gmail.com ESMTP 5b1f17b1804b1-490b0e823f7sm141917105e9.13 - gsmtp

[1] CLIENT -> SERVER: EHLO localhost

[2] SERVER -> CLIENT: 250-smtp.gmail.com at your service, [82.212.109.209]
250-SIZE 35882577
250-8BITMIME
250-STARTTLS
250-ENHANCEDSTATUSCODES
250-PIPELINING
250-CHUNKING
250 SMTPUTF8

[1] CLIENT -> SERVER: STARTTLS

[2] SERVER -> CLIENT: 220 2.0.0 Ready to start TLS

[1] CLIENT -> SERVER: EHLO localhost

[2] SERVER -> CLIENT: 250-smtp.gmail.com at your service, [82.212.109.209]
250-SIZE 35882577
250-8BITMIME
250-AUTH LOGIN [REDACTED] XOAUTH2 PLAIN-CLIENTTOKEN OAUTHBEARER XOAUTH
250-ENHANCEDSTATUSCODES
250-PIPELINING
250-CHUNKING
250 SMTPUTF8

[1] CLIENT -> SERVER: AUTH LOGIN

[2] SERVER -> CLIENT: 334 [REDACTED-CHALLENGE]

[1] CLIENT -> SERVER: [credentials hidden]
[2] SERVER -> CLIENT: 334 [REDACTED-CHALLENGE]

[1] CLIENT -> SERVER: [credentials hidden]
[2] SERVER -> CLIENT: 535-5.7.8 Username and Password not accepted. For more information, go to
535 5.7.8  https://support.google.com/mail/?p=BadCredentials 5b1f17b1804b1-490b0e823f7sm141917105e9.13 - gsmtp

[1] SMTP ERROR: Password command failed: 535-5.7.8 Username and Password not accepted. For more information, go to
535 5.7.8  https://support.google.com/mail/?p=BadCredentials 5b1f17b1804b1-490b0e823f7sm141917105e9.13 - gsmtp

[2] SMTP Error: Could not authenticate.
[1] CLIENT -> SERVER: QUIT

[2] SERVER -> CLIENT: 221 2.0.0 closing connection 5b1f17b1804b1-490b0e823f7sm141917105e9.13 - gsmtp

[2] SMTP Error: Could not authenticate.
--------------------------------------------------------------------------------
[2026-06-03 12:38:48] Password reset email failed
[2] SMTP Error: Could not authenticate. | [2] SMTP Error: Could not authenticate.
[2] SERVER -> CLIENT: 220 smtp.gmail.com ESMTP 5b1f17b1804b1-490b616d6a9sm46181015e9.7 - gsmtp

[1] CLIENT -> SERVER: EHLO localhost

[2] SERVER -> CLIENT: 250-smtp.gmail.com at your service, [82.212.109.209]
250-SIZE 35882577
250-8BITMIME
250-STARTTLS
250-ENHANCEDSTATUSCODES
250-PIPELINING
250-CHUNKING
250 SMTPUTF8

[1] CLIENT -> SERVER: STARTTLS

[2] SERVER -> CLIENT: 220 2.0.0 Ready to start TLS

[1] CLIENT -> SERVER: EHLO localhost

[2] SERVER -> CLIENT: 250-smtp.gmail.com at your service, [82.212.109.209]
250-SIZE 35882577
250-8BITMIME
250-AUTH LOGIN [REDACTED] XOAUTH2 PLAIN-CLIENTTOKEN OAUTHBEARER XOAUTH
250-ENHANCEDSTATUSCODES
250-PIPELINING
250-CHUNKING
250 SMTPUTF8

[1] CLIENT -> SERVER: AUTH LOGIN

[2] SERVER -> CLIENT: 334 [REDACTED-CHALLENGE]

[1] CLIENT -> SERVER: [credentials hidden]
[2] SERVER -> CLIENT: 334 [REDACTED-CHALLENGE]

[1] CLIENT -> SERVER: [credentials hidden]
[2] SERVER -> CLIENT: 535-5.7.8 Username and Password not accepted. For more information, go to
535 5.7.8  https://support.google.com/mail/?p=BadCredentials 5b1f17b1804b1-490b616d6a9sm46181015e9.7 - gsmtp

[1] SMTP ERROR: Password command failed: 535-5.7.8 Username and Password not accepted. For more information, go to
535 5.7.8  https://support.google.com/mail/?p=BadCredentials 5b1f17b1804b1-490b616d6a9sm46181015e9.7 - gsmtp

[2] SMTP Error: Could not authenticate.
[1] CLIENT -> SERVER: QUIT

[2] SERVER -> CLIENT: 221 2.0.0 closing connection 5b1f17b1804b1-490b616d6a9sm46181015e9.7 - gsmtp

[2] SMTP Error: Could not authenticate.
--------------------------------------------------------------------------------
[2026-06-03 12:38:52] Password reset email failed
[2] SMTP Error: Could not authenticate. | [2] SMTP Error: Could not authenticate.
[2] SERVER -> CLIENT: 220 smtp.gmail.com ESMTP ffacd0b85a97d-4601f2f67c6sm6189127f8f.16 - gsmtp

[1] CLIENT -> SERVER: EHLO localhost

[2] SERVER -> CLIENT: 250-smtp.gmail.com at your service, [82.212.109.209]
250-SIZE 35882577
250-8BITMIME
250-STARTTLS
250-ENHANCEDSTATUSCODES
250-PIPELINING
250-CHUNKING
250 SMTPUTF8

[1] CLIENT -> SERVER: STARTTLS

[2] SERVER -> CLIENT: 220 2.0.0 Ready to start TLS

[1] CLIENT -> SERVER: EHLO localhost

[2] SERVER -> CLIENT: 250-smtp.gmail.com at your service, [82.212.109.209]
250-SIZE 35882577
250-8BITMIME
250-AUTH LOGIN [REDACTED] XOAUTH2 PLAIN-CLIENTTOKEN OAUTHBEARER XOAUTH
250-ENHANCEDSTATUSCODES
250-PIPELINING
250-CHUNKING
250 SMTPUTF8

[1] CLIENT -> SERVER: AUTH LOGIN

[2] SERVER -> CLIENT: 334 [REDACTED-CHALLENGE]

[1] CLIENT -> SERVER: [credentials hidden]
[2] SERVER -> CLIENT: 334 [REDACTED-CHALLENGE]

[1] CLIENT -> SERVER: [credentials hidden]
[2] SERVER -> CLIENT: 535-5.7.8 Username and Password not accepted. For more information, go to
535 5.7.8  https://support.google.com/mail/?p=BadCredentials ffacd0b85a97d-4601f2f67c6sm6189127f8f.16 - gsmtp

[1] SMTP ERROR: Password command failed: 535-5.7.8 Username and Password not accepted. For more information, go to
535 5.7.8  https://support.google.com/mail/?p=BadCredentials ffacd0b85a97d-4601f2f67c6sm6189127f8f.16 - gsmtp

[2] SMTP Error: Could not authenticate.
[1] CLIENT -> SERVER: QUIT

[2] SERVER -> CLIENT: 221 2.0.0 closing connection ffacd0b85a97d-4601f2f67c6sm6189127f8f.16 - gsmtp

[2] SMTP Error: Could not authenticate.
--------------------------------------------------------------------------------
